c:\oculus\annwvynsdk64-2015\bullet3\build3\examples\openglwindow\openglwindow.dir\release\glew.obj
c:\oculus\annwvynsdk64-2015\bullet3\build3\examples\openglwindow\openglwindow.dir\release\twfonts.obj
c:\oculus\annwvynsdk64-2015\bullet3\build3\examples\openglwindow\openglwindow.dir\release\simpleopengl3app.obj
c:\oculus\annwvynsdk64-2015\bullet3\build3\examples\openglwindow\openglwindow.dir\release\simpleopengl2renderer.obj
c:\oculus\annwvynsdk64-2015\bullet3\build3\examples\openglwindow\openglwindow.dir\release\simpleopengl2app.obj
c:\oculus\annwvynsdk64-2015\bullet3\build3\examples\openglwindow\openglwindow.dir\release\simplecamera.obj
c:\oculus\annwvynsdk64-2015\bullet3\build3\examples\openglwindow\openglwindow.dir\release\opensans.obj
c:\oculus\annwvynsdk64-2015\bullet3\build3\examples\openglwindow\openglwindow.dir\release\opengl_fontstashcallbacks.obj
c:\oculus\annwvynsdk64-2015\bullet3\build3\examples\openglwindow\openglwindow.dir\release\loadshader.obj
c:\oculus\annwvynsdk64-2015\bullet3\build3\examples\openglwindow\openglwindow.dir\release\glrendertotexture.obj
c:\oculus\annwvynsdk64-2015\bullet3\build3\examples\openglwindow\openglwindow.dir\release\glprimitiverenderer.obj
c:\oculus\annwvynsdk64-2015\bullet3\build3\examples\openglwindow\openglwindow.dir\release\glinstancingrenderer.obj
c:\oculus\annwvynsdk64-2015\bullet3\build3\examples\openglwindow\openglwindow.dir\release\fontstash.obj
c:\oculus\annwvynsdk64-2015\bullet3\build3\examples\openglwindow\openglwindow.dir\release\win32window.obj
c:\oculus\annwvynsdk64-2015\bullet3\build3\examples\openglwindow\openglwindow.dir\release\win32openglwindow.obj
c:\oculus\annwvynsdk64-2015\bullet3\build3\examples\openglwindow\cmakefiles\generate.stamp
c:\oculus\annwvynsdk64-2015\bullet3\build3\lib\release\openglwindow.lib
c:\oculus\annwvynsdk64-2015\bullet3\build3\examples\openglwindow\openglwindow.dir\release\openglwindow.tlog\cl.command.1.tlog
c:\oculus\annwvynsdk64-2015\bullet3\build3\examples\openglwindow\openglwindow.dir\release\openglwindow.tlog\cl.read.1.tlog
c:\oculus\annwvynsdk64-2015\bullet3\build3\examples\openglwindow\openglwindow.dir\release\openglwindow.tlog\cl.write.1.tlog
c:\oculus\annwvynsdk64-2015\bullet3\build3\examples\openglwindow\openglwindow.dir\release\openglwindow.tlog\custombuild.command.1.tlog
c:\oculus\annwvynsdk64-2015\bullet3\build3\examples\openglwindow\openglwindow.dir\release\openglwindow.tlog\custombuild.read.1.tlog
c:\oculus\annwvynsdk64-2015\bullet3\build3\examples\openglwindow\openglwindow.dir\release\openglwindow.tlog\custombuild.write.1.tlog
c:\oculus\annwvynsdk64-2015\bullet3\build3\examples\openglwindow\openglwindow.dir\release\openglwindow.tlog\lib-link.read.1.tlog
c:\oculus\annwvynsdk64-2015\bullet3\build3\examples\openglwindow\openglwindow.dir\release\openglwindow.tlog\lib-link.write.1.tlog
c:\oculus\annwvynsdk64-2015\bullet3\build3\examples\openglwindow\openglwindow.dir\release\openglwindow.tlog\lib.command.1.tlog
