c:\oculus\annwvynsdk64-2015\bullet3\build3\cmakefiles\generate.stamp
c:\oculus\annwvynsdk64-2015\bullet3\build3\examples\cmakefiles\generate.stamp
c:\oculus\annwvynsdk64-2015\bullet3\build3\extras\cmakefiles\generate.stamp
c:\oculus\annwvynsdk64-2015\bullet3\build3\src\cmakefiles\generate.stamp
c:\oculus\annwvynsdk64-2015\bullet3\build3\test\cmakefiles\generate.stamp
c:\oculus\annwvynsdk64-2015\bullet3\build3\examples\helloworld\cmakefiles\generate.stamp
c:\oculus\annwvynsdk64-2015\bullet3\build3\examples\basicdemo\cmakefiles\generate.stamp
c:\oculus\annwvynsdk64-2015\bullet3\build3\examples\examplebrowser\cmakefiles\generate.stamp
c:\oculus\annwvynsdk64-2015\bullet3\build3\examples\thirdpartylibs\gwen\cmakefiles\generate.stamp
c:\oculus\annwvynsdk64-2015\bullet3\build3\examples\openglwindow\cmakefiles\generate.stamp
c:\oculus\annwvynsdk64-2015\bullet3\build3\extras\serialize\cmakefiles\generate.stamp
c:\oculus\annwvynsdk64-2015\bullet3\build3\extras\convexdecomposition\cmakefiles\generate.stamp
c:\oculus\annwvynsdk64-2015\bullet3\build3\extras\hacd\cmakefiles\generate.stamp
c:\oculus\annwvynsdk64-2015\bullet3\build3\extras\gimpactutils\cmakefiles\generate.stamp
c:\oculus\annwvynsdk64-2015\bullet3\build3\extras\inversedynamics\cmakefiles\generate.stamp
c:\oculus\annwvynsdk64-2015\bullet3\build3\extras\serialize\bulletfileloader\cmakefiles\generate.stamp
c:\oculus\annwvynsdk64-2015\bullet3\build3\extras\serialize\bulletxmlworldimporter\cmakefiles\generate.stamp
c:\oculus\annwvynsdk64-2015\bullet3\build3\extras\serialize\bulletworldimporter\cmakefiles\generate.stamp
c:\oculus\annwvynsdk64-2015\bullet3\build3\src\bullet3opencl\cmakefiles\generate.stamp
c:\oculus\annwvynsdk64-2015\bullet3\build3\src\bullet3serialize\bullet2fileloader\cmakefiles\generate.stamp
c:\oculus\annwvynsdk64-2015\bullet3\build3\src\bullet3dynamics\cmakefiles\generate.stamp
c:\oculus\annwvynsdk64-2015\bullet3\build3\src\bullet3collision\cmakefiles\generate.stamp
c:\oculus\annwvynsdk64-2015\bullet3\build3\src\bullet3geometry\cmakefiles\generate.stamp
c:\oculus\annwvynsdk64-2015\bullet3\build3\src\bullet3common\cmakefiles\generate.stamp
c:\oculus\annwvynsdk64-2015\bullet3\build3\src\bulletinversedynamics\cmakefiles\generate.stamp
c:\oculus\annwvynsdk64-2015\bullet3\build3\src\bulletsoftbody\cmakefiles\generate.stamp
c:\oculus\annwvynsdk64-2015\bullet3\build3\src\bulletcollision\cmakefiles\generate.stamp
c:\oculus\annwvynsdk64-2015\bullet3\build3\src\bulletdynamics\cmakefiles\generate.stamp
c:\oculus\annwvynsdk64-2015\bullet3\build3\src\linearmath\cmakefiles\generate.stamp
c:\oculus\annwvynsdk64-2015\bullet3\build3\test\inversedynamics\cmakefiles\generate.stamp
c:\oculus\annwvynsdk64-2015\bullet3\build3\test\gtest-1.7.0\cmakefiles\generate.stamp
c:\oculus\annwvynsdk64-2015\bullet3\build3\test\collision\cmakefiles\generate.stamp
c:\oculus\annwvynsdk64-2015\bullet3\build3\test\bulletdynamics\pendulum\cmakefiles\generate.stamp
c:\oculus\annwvynsdk64-2015\bullet3\build3\x64\debug\zero_check\zero_check.tlog\custombuild.command.1.tlog
c:\oculus\annwvynsdk64-2015\bullet3\build3\x64\debug\zero_check\zero_check.tlog\custombuild.read.1.tlog
c:\oculus\annwvynsdk64-2015\bullet3\build3\x64\debug\zero_check\zero_check.tlog\custombuild.write.1.tlog
