c:\oculus\annwvynsdk64-2015\bullet3\build3\examples\thirdpartylibs\gwen\gwen.dir\release\dockedtabcontrol.obj
c:\oculus\annwvynsdk64-2015\bullet3\build3\examples\thirdpartylibs\gwen\gwen.dir\release\dockbase.obj
c:\oculus\annwvynsdk64-2015\bullet3\build3\examples\thirdpartylibs\gwen\gwen.dir\release\crosssplitter.obj
c:\oculus\annwvynsdk64-2015\bullet3\build3\examples\thirdpartylibs\gwen\gwen.dir\release\combobox.obj
c:\oculus\annwvynsdk64-2015\bullet3\build3\examples\thirdpartylibs\gwen\gwen.dir\release\colorpicker.obj
c:\oculus\annwvynsdk64-2015\bullet3\build3\examples\thirdpartylibs\gwen\gwen.dir\release\colorcontrols.obj
c:\oculus\annwvynsdk64-2015\bullet3\build3\examples\thirdpartylibs\gwen\gwen.dir\release\checkbox.obj
c:\oculus\annwvynsdk64-2015\bullet3\build3\examples\thirdpartylibs\gwen\gwen.dir\release\canvas.obj
c:\oculus\annwvynsdk64-2015\bullet3\build3\examples\thirdpartylibs\gwen\gwen.dir\release\button.obj
c:\oculus\annwvynsdk64-2015\bullet3\build3\examples\thirdpartylibs\gwen\gwen.dir\release\base.obj
c:\oculus\annwvynsdk64-2015\bullet3\build3\examples\thirdpartylibs\gwen\gwen.dir\release\utility.obj
c:\oculus\annwvynsdk64-2015\bullet3\build3\examples\thirdpartylibs\gwen\gwen.dir\release\tooltip.obj
c:\oculus\annwvynsdk64-2015\bullet3\build3\examples\thirdpartylibs\gwen\gwen.dir\release\skin.obj
c:\oculus\annwvynsdk64-2015\bullet3\build3\examples\thirdpartylibs\gwen\gwen.dir\release\inputhandler.obj
c:\oculus\annwvynsdk64-2015\bullet3\build3\examples\thirdpartylibs\gwen\gwen.dir\release\hook.obj
c:\oculus\annwvynsdk64-2015\bullet3\build3\examples\thirdpartylibs\gwen\gwen.dir\release\gwen.obj
c:\oculus\annwvynsdk64-2015\bullet3\build3\examples\thirdpartylibs\gwen\gwen.dir\release\events.obj
c:\oculus\annwvynsdk64-2015\bullet3\build3\examples\thirdpartylibs\gwen\gwen.dir\release\draganddrop.obj
c:\oculus\annwvynsdk64-2015\bullet3\build3\examples\thirdpartylibs\gwen\gwen.dir\release\baserender.obj
c:\oculus\annwvynsdk64-2015\bullet3\build3\examples\thirdpartylibs\gwen\gwen.dir\release\anim.obj
c:\oculus\annwvynsdk64-2015\bullet3\build3\examples\thirdpartylibs\gwen\gwen.dir\release\resizer.obj
c:\oculus\annwvynsdk64-2015\bullet3\build3\examples\thirdpartylibs\gwen\gwen.dir\release\resizablecontrol.obj
c:\oculus\annwvynsdk64-2015\bullet3\build3\examples\thirdpartylibs\gwen\gwen.dir\release\radiobuttoncontroller.obj
c:\oculus\annwvynsdk64-2015\bullet3\build3\examples\thirdpartylibs\gwen\gwen.dir\release\radiobutton.obj
c:\oculus\annwvynsdk64-2015\bullet3\build3\examples\thirdpartylibs\gwen\gwen.dir\release\properties.obj
c:\oculus\annwvynsdk64-2015\bullet3\build3\examples\thirdpartylibs\gwen\gwen.dir\release\progressbar.obj
c:\oculus\annwvynsdk64-2015\bullet3\build3\examples\thirdpartylibs\gwen\gwen.dir\release\panellistpanel.obj
c:\oculus\annwvynsdk64-2015\bullet3\build3\examples\thirdpartylibs\gwen\gwen.dir\release\numericupdown.obj
c:\oculus\annwvynsdk64-2015\bullet3\build3\examples\thirdpartylibs\gwen\gwen.dir\release\menustrip.obj
c:\oculus\annwvynsdk64-2015\bullet3\build3\examples\thirdpartylibs\gwen\gwen.dir\release\menuitem.obj
c:\oculus\annwvynsdk64-2015\bullet3\build3\examples\thirdpartylibs\gwen\gwen.dir\release\menu.obj
c:\oculus\annwvynsdk64-2015\bullet3\build3\examples\thirdpartylibs\gwen\gwen.dir\release\listbox.obj
c:\oculus\annwvynsdk64-2015\bullet3\build3\examples\thirdpartylibs\gwen\gwen.dir\release\labelclickable.obj
c:\oculus\annwvynsdk64-2015\bullet3\build3\examples\thirdpartylibs\gwen\gwen.dir\release\label.obj
c:\oculus\annwvynsdk64-2015\bullet3\build3\examples\thirdpartylibs\gwen\gwen.dir\release\imagepanel.obj
c:\oculus\annwvynsdk64-2015\bullet3\build3\examples\thirdpartylibs\gwen\gwen.dir\release\hsvcolorpicker.obj
c:\oculus\annwvynsdk64-2015\bullet3\build3\examples\thirdpartylibs\gwen\gwen.dir\release\horizontalslider.obj
c:\oculus\annwvynsdk64-2015\bullet3\build3\examples\thirdpartylibs\gwen\gwen.dir\release\horizontalscrollbar.obj
c:\oculus\annwvynsdk64-2015\bullet3\build3\examples\thirdpartylibs\gwen\gwen.dir\release\groupbox.obj
c:\oculus\annwvynsdk64-2015\bullet3\build3\examples\thirdpartylibs\gwen\gwen.dir\release\dragger.obj
c:\oculus\annwvynsdk64-2015\bullet3\build3\examples\thirdpartylibs\gwen\gwen.dir\release\filesave.obj
c:\oculus\annwvynsdk64-2015\bullet3\build3\examples\thirdpartylibs\gwen\gwen.dir\release\fileopen.obj
c:\oculus\annwvynsdk64-2015\bullet3\build3\examples\thirdpartylibs\gwen\gwen.dir\release\windowcontrol.obj
c:\oculus\annwvynsdk64-2015\bullet3\build3\examples\thirdpartylibs\gwen\gwen.dir\release\verticalslider.obj
c:\oculus\annwvynsdk64-2015\bullet3\build3\examples\thirdpartylibs\gwen\gwen.dir\release\verticalscrollbar.obj
c:\oculus\annwvynsdk64-2015\bullet3\build3\examples\thirdpartylibs\gwen\gwen.dir\release\treenode.obj
c:\oculus\annwvynsdk64-2015\bullet3\build3\examples\thirdpartylibs\gwen\gwen.dir\release\treecontrol.obj
c:\oculus\annwvynsdk64-2015\bullet3\build3\examples\thirdpartylibs\gwen\gwen.dir\release\textboxnumeric.obj
c:\oculus\annwvynsdk64-2015\bullet3\build3\examples\thirdpartylibs\gwen\gwen.dir\release\textbox.obj
c:\oculus\annwvynsdk64-2015\bullet3\build3\examples\thirdpartylibs\gwen\gwen.dir\release\text.obj
c:\oculus\annwvynsdk64-2015\bullet3\build3\examples\thirdpartylibs\gwen\gwen.dir\release\tabstrip.obj
c:\oculus\annwvynsdk64-2015\bullet3\build3\examples\thirdpartylibs\gwen\gwen.dir\release\tabcontrol.obj
c:\oculus\annwvynsdk64-2015\bullet3\build3\examples\thirdpartylibs\gwen\gwen.dir\release\tabbutton.obj
c:\oculus\annwvynsdk64-2015\bullet3\build3\examples\thirdpartylibs\gwen\gwen.dir\release\splitterbar.obj
c:\oculus\annwvynsdk64-2015\bullet3\build3\examples\thirdpartylibs\gwen\gwen.dir\release\slider.obj
c:\oculus\annwvynsdk64-2015\bullet3\build3\examples\thirdpartylibs\gwen\gwen.dir\release\scrollcontrol.obj
c:\oculus\annwvynsdk64-2015\bullet3\build3\examples\thirdpartylibs\gwen\gwen.dir\release\scrollbarbutton.obj
c:\oculus\annwvynsdk64-2015\bullet3\build3\examples\thirdpartylibs\gwen\gwen.dir\release\scrollbarbar.obj
c:\oculus\annwvynsdk64-2015\bullet3\build3\examples\thirdpartylibs\gwen\gwen.dir\release\scrollbar.obj
c:\oculus\annwvynsdk64-2015\bullet3\build3\examples\thirdpartylibs\gwen\gwen.dir\release\richlabel.obj
c:\oculus\annwvynsdk64-2015\bullet3\build3\examples\thirdpartylibs\gwen\gwen.dir\release\opengl_debugfont.obj
c:\oculus\annwvynsdk64-2015\bullet3\build3\examples\thirdpartylibs\gwen\gwen.dir\release\windows.obj
c:\oculus\annwvynsdk64-2015\bullet3\build3\examples\thirdpartylibs\gwen\gwen.dir\release\null.obj
c:\oculus\annwvynsdk64-2015\bullet3\build3\examples\thirdpartylibs\gwen\gwen.dir\release\query.obj
c:\oculus\annwvynsdk64-2015\bullet3\build3\examples\thirdpartylibs\gwen\cmakefiles\generate.stamp
c:\oculus\annwvynsdk64-2015\bullet3\build3\lib\release\gwen.lib
c:\oculus\annwvynsdk64-2015\bullet3\build3\examples\thirdpartylibs\gwen\gwen.dir\release\gwen.tlog\cl.command.1.tlog
c:\oculus\annwvynsdk64-2015\bullet3\build3\examples\thirdpartylibs\gwen\gwen.dir\release\gwen.tlog\cl.read.1.tlog
c:\oculus\annwvynsdk64-2015\bullet3\build3\examples\thirdpartylibs\gwen\gwen.dir\release\gwen.tlog\cl.write.1.tlog
c:\oculus\annwvynsdk64-2015\bullet3\build3\examples\thirdpartylibs\gwen\gwen.dir\release\gwen.tlog\custombuild.command.1.tlog
c:\oculus\annwvynsdk64-2015\bullet3\build3\examples\thirdpartylibs\gwen\gwen.dir\release\gwen.tlog\custombuild.read.1.tlog
c:\oculus\annwvynsdk64-2015\bullet3\build3\examples\thirdpartylibs\gwen\gwen.dir\release\gwen.tlog\custombuild.write.1.tlog
c:\oculus\annwvynsdk64-2015\bullet3\build3\examples\thirdpartylibs\gwen\gwen.dir\release\gwen.tlog\lib-link.read.1.tlog
c:\oculus\annwvynsdk64-2015\bullet3\build3\examples\thirdpartylibs\gwen\gwen.dir\release\gwen.tlog\lib-link.write.1.tlog
c:\oculus\annwvynsdk64-2015\bullet3\build3\examples\thirdpartylibs\gwen\gwen.dir\release\gwen.tlog\lib.command.1.tlog
