c:\oculus\annwvynsdk64-2015\bullet3\build3\src\linearmath\linearmath.dir\debug\linearmath.pdb
c:\oculus\annwvynsdk64-2015\bullet3\build3\src\linearmath\linearmath.dir\debug\btvector3.obj
c:\oculus\annwvynsdk64-2015\bullet3\build3\src\linearmath\linearmath.dir\debug\btserializer.obj
c:\oculus\annwvynsdk64-2015\bullet3\build3\src\linearmath\linearmath.dir\debug\btquickprof.obj
c:\oculus\annwvynsdk64-2015\bullet3\build3\src\linearmath\linearmath.dir\debug\btpolardecomposition.obj
c:\oculus\annwvynsdk64-2015\bullet3\build3\src\linearmath\linearmath.dir\debug\btgeometryutil.obj
c:\oculus\annwvynsdk64-2015\bullet3\build3\src\linearmath\linearmath.dir\debug\btconvexhullcomputer.obj
c:\oculus\annwvynsdk64-2015\bullet3\build3\src\linearmath\linearmath.dir\debug\btconvexhull.obj
c:\oculus\annwvynsdk64-2015\bullet3\build3\src\linearmath\linearmath.dir\debug\btalignedallocator.obj
c:\oculus\annwvynsdk64-2015\bullet3\build3\src\linearmath\cmakefiles\generate.stamp
c:\oculus\annwvynsdk64-2015\bullet3\build3\lib\debug\linearmath_debug.lib
c:\oculus\annwvynsdk64-2015\bullet3\build3\src\linearmath\linearmath.dir\debug\linearmath.tlog\cl.command.1.tlog
c:\oculus\annwvynsdk64-2015\bullet3\build3\src\linearmath\linearmath.dir\debug\linearmath.tlog\cl.read.1.tlog
c:\oculus\annwvynsdk64-2015\bullet3\build3\src\linearmath\linearmath.dir\debug\linearmath.tlog\cl.write.1.tlog
c:\oculus\annwvynsdk64-2015\bullet3\build3\src\linearmath\linearmath.dir\debug\linearmath.tlog\custombuild.command.1.tlog
c:\oculus\annwvynsdk64-2015\bullet3\build3\src\linearmath\linearmath.dir\debug\linearmath.tlog\custombuild.read.1.tlog
c:\oculus\annwvynsdk64-2015\bullet3\build3\src\linearmath\linearmath.dir\debug\linearmath.tlog\custombuild.write.1.tlog
c:\oculus\annwvynsdk64-2015\bullet3\build3\src\linearmath\linearmath.dir\debug\linearmath.tlog\lib-link.read.1.tlog
c:\oculus\annwvynsdk64-2015\bullet3\build3\src\linearmath\linearmath.dir\debug\linearmath.tlog\lib-link.write.1.tlog
c:\oculus\annwvynsdk64-2015\bullet3\build3\src\linearmath\linearmath.dir\debug\linearmath.tlog\lib.command.1.tlog
