c:\oculus\annwvynsdk64-2015\bullet3\build3\extras\convexdecomposition\convexdecomposition.dir\release\splitplane.obj
c:\oculus\annwvynsdk64-2015\bullet3\build3\extras\convexdecomposition\convexdecomposition.dir\release\planetri.obj
c:\oculus\annwvynsdk64-2015\bullet3\build3\extras\convexdecomposition\convexdecomposition.dir\release\float_math.obj
c:\oculus\annwvynsdk64-2015\bullet3\build3\extras\convexdecomposition\convexdecomposition.dir\release\concavity.obj
c:\oculus\annwvynsdk64-2015\bullet3\build3\extras\convexdecomposition\convexdecomposition.dir\release\convexdecomposition.obj
c:\oculus\annwvynsdk64-2015\bullet3\build3\extras\convexdecomposition\convexdecomposition.dir\release\cd_hull.obj
c:\oculus\annwvynsdk64-2015\bullet3\build3\extras\convexdecomposition\convexdecomposition.dir\release\bestfit.obj
c:\oculus\annwvynsdk64-2015\bullet3\build3\extras\convexdecomposition\convexdecomposition.dir\release\vlookup.obj
c:\oculus\annwvynsdk64-2015\bullet3\build3\extras\convexdecomposition\convexdecomposition.dir\release\raytri.obj
c:\oculus\annwvynsdk64-2015\bullet3\build3\extras\convexdecomposition\convexdecomposition.dir\release\meshvolume.obj
c:\oculus\annwvynsdk64-2015\bullet3\build3\extras\convexdecomposition\convexdecomposition.dir\release\fitsphere.obj
c:\oculus\annwvynsdk64-2015\bullet3\build3\extras\convexdecomposition\convexdecomposition.dir\release\cd_wavefront.obj
c:\oculus\annwvynsdk64-2015\bullet3\build3\extras\convexdecomposition\convexdecomposition.dir\release\convexbuilder.obj
c:\oculus\annwvynsdk64-2015\bullet3\build3\extras\convexdecomposition\convexdecomposition.dir\release\bestfitobb.obj
c:\oculus\annwvynsdk64-2015\bullet3\build3\extras\convexdecomposition\cmakefiles\generate.stamp
c:\oculus\annwvynsdk64-2015\bullet3\build3\lib\release\convexdecomposition.lib
c:\oculus\annwvynsdk64-2015\bullet3\build3\extras\convexdecomposition\convexdecomposition.dir\release\convexde.93e27756.tlog\cl.command.1.tlog
c:\oculus\annwvynsdk64-2015\bullet3\build3\extras\convexdecomposition\convexdecomposition.dir\release\convexde.93e27756.tlog\cl.read.1.tlog
c:\oculus\annwvynsdk64-2015\bullet3\build3\extras\convexdecomposition\convexdecomposition.dir\release\convexde.93e27756.tlog\cl.write.1.tlog
c:\oculus\annwvynsdk64-2015\bullet3\build3\extras\convexdecomposition\convexdecomposition.dir\release\convexde.93e27756.tlog\custombuild.command.1.tlog
c:\oculus\annwvynsdk64-2015\bullet3\build3\extras\convexdecomposition\convexdecomposition.dir\release\convexde.93e27756.tlog\custombuild.read.1.tlog
c:\oculus\annwvynsdk64-2015\bullet3\build3\extras\convexdecomposition\convexdecomposition.dir\release\convexde.93e27756.tlog\custombuild.write.1.tlog
c:\oculus\annwvynsdk64-2015\bullet3\build3\extras\convexdecomposition\convexdecomposition.dir\release\convexde.93e27756.tlog\lib-link.read.1.tlog
c:\oculus\annwvynsdk64-2015\bullet3\build3\extras\convexdecomposition\convexdecomposition.dir\release\convexde.93e27756.tlog\lib-link.write.1.tlog
c:\oculus\annwvynsdk64-2015\bullet3\build3\extras\convexdecomposition\convexdecomposition.dir\release\convexde.93e27756.tlog\lib.command.1.tlog
