c:\oculus\annwvynsdk64-2015\bullet3\build3\extras\inversedynamics\bulletinversedynamicsutils.dir\release\user2internalindex.obj
c:\oculus\annwvynsdk64-2015\bullet3\build3\extras\inversedynamics\bulletinversedynamicsutils.dir\release\multibodynamemap.obj
c:\oculus\annwvynsdk64-2015\bullet3\build3\extras\inversedynamics\bulletinversedynamicsutils.dir\release\simpletreecreator.obj
c:\oculus\annwvynsdk64-2015\bullet3\build3\extras\inversedynamics\bulletinversedynamicsutils.dir\release\idrandomutil.obj
c:\oculus\annwvynsdk64-2015\bullet3\build3\extras\inversedynamics\bulletinversedynamicsutils.dir\release\invdyn_bullet_comparison.obj
c:\oculus\annwvynsdk64-2015\bullet3\build3\extras\inversedynamics\bulletinversedynamicsutils.dir\release\multibodytreedebuggraph.obj
c:\oculus\annwvynsdk64-2015\bullet3\build3\extras\inversedynamics\bulletinversedynamicsutils.dir\release\dillcreator.obj
c:\oculus\annwvynsdk64-2015\bullet3\build3\extras\inversedynamics\bulletinversedynamicsutils.dir\release\btmultibodytreecreator.obj
c:\oculus\annwvynsdk64-2015\bullet3\build3\extras\inversedynamics\bulletinversedynamicsutils.dir\release\multibodytreecreator.obj
c:\oculus\annwvynsdk64-2015\bullet3\build3\extras\inversedynamics\bulletinversedynamicsutils.dir\release\coilcreator.obj
c:\oculus\annwvynsdk64-2015\bullet3\build3\extras\inversedynamics\cmakefiles\generate.stamp
c:\oculus\annwvynsdk64-2015\bullet3\build3\lib\release\bulletinversedynamicsutils.lib
c:\oculus\annwvynsdk64-2015\bullet3\build3\extras\inversedynamics\bulletinversedynamicsutils.dir\release\bulletin.8f733c62.tlog\cl.command.1.tlog
c:\oculus\annwvynsdk64-2015\bullet3\build3\extras\inversedynamics\bulletinversedynamicsutils.dir\release\bulletin.8f733c62.tlog\cl.read.1.tlog
c:\oculus\annwvynsdk64-2015\bullet3\build3\extras\inversedynamics\bulletinversedynamicsutils.dir\release\bulletin.8f733c62.tlog\cl.write.1.tlog
c:\oculus\annwvynsdk64-2015\bullet3\build3\extras\inversedynamics\bulletinversedynamicsutils.dir\release\bulletin.8f733c62.tlog\custombuild.command.1.tlog
c:\oculus\annwvynsdk64-2015\bullet3\build3\extras\inversedynamics\bulletinversedynamicsutils.dir\release\bulletin.8f733c62.tlog\custombuild.read.1.tlog
c:\oculus\annwvynsdk64-2015\bullet3\build3\extras\inversedynamics\bulletinversedynamicsutils.dir\release\bulletin.8f733c62.tlog\custombuild.write.1.tlog
c:\oculus\annwvynsdk64-2015\bullet3\build3\extras\inversedynamics\bulletinversedynamicsutils.dir\release\bulletin.8f733c62.tlog\lib-link.read.1.tlog
c:\oculus\annwvynsdk64-2015\bullet3\build3\extras\inversedynamics\bulletinversedynamicsutils.dir\release\bulletin.8f733c62.tlog\lib-link.write.1.tlog
c:\oculus\annwvynsdk64-2015\bullet3\build3\extras\inversedynamics\bulletinversedynamicsutils.dir\release\bulletin.8f733c62.tlog\lib.command.1.tlog
