c:\oculus\annwvynsdk64-2015\bullet3\build3\src\bulletsoftbody\bulletsoftbody.dir\debug\bulletsoftbody.pdb
c:\oculus\annwvynsdk64-2015\bullet3\build3\src\bulletsoftbody\bulletsoftbody.dir\debug\btdefaultsoftbodysolver.obj
c:\oculus\annwvynsdk64-2015\bullet3\build3\src\bulletsoftbody\bulletsoftbody.dir\debug\btsoftsoftcollisionalgorithm.obj
c:\oculus\annwvynsdk64-2015\bullet3\build3\src\bulletsoftbody\bulletsoftbody.dir\debug\btsoftrigiddynamicsworld.obj
c:\oculus\annwvynsdk64-2015\bullet3\build3\src\bulletsoftbody\bulletsoftbody.dir\debug\btsoftrigidcollisionalgorithm.obj
c:\oculus\annwvynsdk64-2015\bullet3\build3\src\bulletsoftbody\bulletsoftbody.dir\debug\btsoftbodyrigidbodycollisionconfiguration.obj
c:\oculus\annwvynsdk64-2015\bullet3\build3\src\bulletsoftbody\bulletsoftbody.dir\debug\btsoftbodyhelpers.obj
c:\oculus\annwvynsdk64-2015\bullet3\build3\src\bulletsoftbody\bulletsoftbody.dir\debug\btsoftbodyconcavecollisionalgorithm.obj
c:\oculus\annwvynsdk64-2015\bullet3\build3\src\bulletsoftbody\bulletsoftbody.dir\debug\btsoftbody.obj
c:\oculus\annwvynsdk64-2015\bullet3\build3\src\bulletsoftbody\cmakefiles\generate.stamp
c:\oculus\annwvynsdk64-2015\bullet3\build3\lib\debug\bulletsoftbody_debug.lib
c:\oculus\annwvynsdk64-2015\bullet3\build3\src\bulletsoftbody\bulletsoftbody.dir\debug\bulletsoftbody.tlog\cl.command.1.tlog
c:\oculus\annwvynsdk64-2015\bullet3\build3\src\bulletsoftbody\bulletsoftbody.dir\debug\bulletsoftbody.tlog\cl.read.1.tlog
c:\oculus\annwvynsdk64-2015\bullet3\build3\src\bulletsoftbody\bulletsoftbody.dir\debug\bulletsoftbody.tlog\cl.write.1.tlog
c:\oculus\annwvynsdk64-2015\bullet3\build3\src\bulletsoftbody\bulletsoftbody.dir\debug\bulletsoftbody.tlog\custombuild.command.1.tlog
c:\oculus\annwvynsdk64-2015\bullet3\build3\src\bulletsoftbody\bulletsoftbody.dir\debug\bulletsoftbody.tlog\custombuild.read.1.tlog
c:\oculus\annwvynsdk64-2015\bullet3\build3\src\bulletsoftbody\bulletsoftbody.dir\debug\bulletsoftbody.tlog\custombuild.write.1.tlog
c:\oculus\annwvynsdk64-2015\bullet3\build3\src\bulletsoftbody\bulletsoftbody.dir\debug\bulletsoftbody.tlog\lib-link.read.1.tlog
c:\oculus\annwvynsdk64-2015\bullet3\build3\src\bulletsoftbody\bulletsoftbody.dir\debug\bulletsoftbody.tlog\lib-link.write.1.tlog
c:\oculus\annwvynsdk64-2015\bullet3\build3\src\bulletsoftbody\bulletsoftbody.dir\debug\bulletsoftbody.tlog\lib.command.1.tlog
