c:\oculus\annwvynsdk64-2015\bullet3\build3\examples\examplebrowser\app_examplebrowser.dir\release\tutorial.obj
c:\oculus\annwvynsdk64-2015\bullet3\build3\examples\examplebrowser\app_examplebrowser.dir\release\forkliftdemo.obj
c:\oculus\annwvynsdk64-2015\bullet3\build3\examples\examplebrowser\app_examplebrowser.dir\release\inversedynamicsexample.obj
c:\oculus\annwvynsdk64-2015\bullet3\build3\examples\examplebrowser\app_examplebrowser.dir\release\basicexample.obj
c:\oculus\annwvynsdk64-2015\bullet3\build3\examples\examplebrowser\app_examplebrowser.dir\release\physicsservercommandprocessor.obj
c:\oculus\annwvynsdk64-2015\bullet3\build3\examples\examplebrowser\app_examplebrowser.dir\release\physicsloopbackc_api.obj
c:\oculus\annwvynsdk64-2015\bullet3\build3\examples\examplebrowser\app_examplebrowser.dir\release\physicsloopback.obj
c:\oculus\annwvynsdk64-2015\bullet3\build3\examples\examplebrowser\app_examplebrowser.dir\release\physicsdirectc_api.obj
c:\oculus\annwvynsdk64-2015\bullet3\build3\examples\examplebrowser\app_examplebrowser.dir\release\physicsdirect.obj
c:\oculus\annwvynsdk64-2015\bullet3\build3\examples\examplebrowser\app_examplebrowser.dir\release\physicsserversharedmemory.obj
c:\oculus\annwvynsdk64-2015\bullet3\build3\examples\examplebrowser\app_examplebrowser.dir\release\win32sharedmemory.obj
c:\oculus\annwvynsdk64-2015\bullet3\build3\examples\examplebrowser\app_examplebrowser.dir\release\posixsharedmemory.obj
c:\oculus\annwvynsdk64-2015\bullet3\build3\examples\examplebrowser\app_examplebrowser.dir\release\physicsclientexample.obj
c:\oculus\annwvynsdk64-2015\bullet3\build3\examples\examplebrowser\app_examplebrowser.dir\release\physicsserverexample.obj
c:\oculus\annwvynsdk64-2015\bullet3\build3\examples\examplebrowser\app_examplebrowser.dir\release\physicsclientc_api.obj
c:\oculus\annwvynsdk64-2015\bullet3\build3\examples\examplebrowser\app_examplebrowser.dir\release\physicsclient.obj
c:\oculus\annwvynsdk64-2015\bullet3\build3\examples\examplebrowser\app_examplebrowser.dir\release\physicsclientsharedmemory.obj
c:\oculus\annwvynsdk64-2015\bullet3\build3\examples\examplebrowser\app_examplebrowser.dir\release\physicsserver.obj
c:\oculus\annwvynsdk64-2015\bullet3\build3\examples\examplebrowser\app_examplebrowser.dir\release\exampleentries.obj
c:\oculus\annwvynsdk64-2015\bullet3\build3\examples\examplebrowser\app_examplebrowser.dir\release\main.obj
c:\oculus\annwvynsdk64-2015\bullet3\build3\examples\examplebrowser\app_examplebrowser.dir\release\raytracersetup.obj
c:\oculus\annwvynsdk64-2015\bullet3\build3\examples\examplebrowser\app_examplebrowser.dir\release\coordinatesystemdemo.obj
c:\oculus\annwvynsdk64-2015\bullet3\build3\examples\examplebrowser\app_examplebrowser.dir\release\timeseriesfontdata.obj
c:\oculus\annwvynsdk64-2015\bullet3\build3\examples\examplebrowser\app_examplebrowser.dir\release\timeseriescanvas.obj
c:\oculus\annwvynsdk64-2015\bullet3\build3\examples\examplebrowser\app_examplebrowser.dir\release\b3threadsupportinterface.obj
c:\oculus\annwvynsdk64-2015\bullet3\build3\examples\examplebrowser\app_examplebrowser.dir\release\b3win32threadsupport.obj
c:\oculus\annwvynsdk64-2015\bullet3\build3\examples\examplebrowser\app_examplebrowser.dir\release\b3posixthreadsupport.obj
c:\oculus\annwvynsdk64-2015\bullet3\build3\examples\examplebrowser\app_examplebrowser.dir\release\multithreadingexample.obj
c:\oculus\annwvynsdk64-2015\bullet3\build3\examples\examplebrowser\app_examplebrowser.dir\release\motordemo.obj
c:\oculus\annwvynsdk64-2015\bullet3\build3\examples\examplebrowser\app_examplebrowser.dir\release\btfracturedynamicsworld.obj
c:\oculus\annwvynsdk64-2015\bullet3\build3\examples\examplebrowser\app_examplebrowser.dir\release\btfracturebody.obj
c:\oculus\annwvynsdk64-2015\bullet3\build3\examples\examplebrowser\app_examplebrowser.dir\release\fracturedemo.obj
c:\oculus\annwvynsdk64-2015\bullet3\build3\examples\examplebrowser\app_examplebrowser.dir\release\rollingfrictiondemo.obj
c:\oculus\annwvynsdk64-2015\bullet3\build3\examples\examplebrowser\app_examplebrowser.dir\release\planar2d.obj
c:\oculus\annwvynsdk64-2015\bullet3\build3\examples\examplebrowser\app_examplebrowser.dir\release\gyroscopicsetup.obj
c:\oculus\annwvynsdk64-2015\bullet3\build3\examples\examplebrowser\app_examplebrowser.dir\release\realtimebullet3collisionsdk.obj
c:\oculus\annwvynsdk64-2015\bullet3\build3\examples\examplebrowser\app_examplebrowser.dir\release\bullet2collisionsdk.obj
c:\oculus\annwvynsdk64-2015\bullet3\build3\examples\examplebrowser\app_examplebrowser.dir\release\collisiontutorialbullet2.obj
c:\oculus\annwvynsdk64-2015\bullet3\build3\examples\examplebrowser\app_examplebrowser.dir\release\collisionsdkc_api.obj
c:\oculus\annwvynsdk64-2015\bullet3\build3\examples\examplebrowser\app_examplebrowser.dir\release\dof6constrainttutorial.obj
c:\oculus\annwvynsdk64-2015\bullet3\build3\examples\examplebrowser\app_examplebrowser.dir\release\importstlsetup.obj
c:\oculus\annwvynsdk64-2015\bullet3\build3\examples\examplebrowser\app_examplebrowser.dir\release\wavefront2glinstancegraphicsshape.obj
c:\oculus\annwvynsdk64-2015\bullet3\build3\examples\examplebrowser\app_examplebrowser.dir\release\loadmeshfromobj.obj
c:\oculus\annwvynsdk64-2015\bullet3\build3\examples\examplebrowser\app_examplebrowser.dir\release\importobjexample.obj
c:\oculus\annwvynsdk64-2015\bullet3\build3\examples\examplebrowser\app_examplebrowser.dir\release\loadmeshfromcollada.obj
c:\oculus\annwvynsdk64-2015\bullet3\build3\examples\examplebrowser\app_examplebrowser.dir\release\importcolladasetup.obj
c:\oculus\annwvynsdk64-2015\bullet3\build3\examples\examplebrowser\app_examplebrowser.dir\release\importbspexample.obj
c:\oculus\annwvynsdk64-2015\bullet3\build3\examples\examplebrowser\app_examplebrowser.dir\release\bsploader.obj
c:\oculus\annwvynsdk64-2015\bullet3\build3\examples\examplebrowser\app_examplebrowser.dir\release\bspconverter.obj
c:\oculus\annwvynsdk64-2015\bullet3\build3\examples\examplebrowser\app_examplebrowser.dir\release\btbulletfile.obj
c:\oculus\annwvynsdk64-2015\bullet3\build3\examples\examplebrowser\app_examplebrowser.dir\release\bdna.obj
c:\oculus\annwvynsdk64-2015\bullet3\build3\examples\examplebrowser\app_examplebrowser.dir\release\bfile.obj
c:\oculus\annwvynsdk64-2015\bullet3\build3\examples\examplebrowser\app_examplebrowser.dir\release\bchunk.obj
c:\oculus\annwvynsdk64-2015\bullet3\build3\examples\examplebrowser\app_examplebrowser.dir\release\btbulletworldimporter.obj
c:\oculus\annwvynsdk64-2015\bullet3\build3\examples\examplebrowser\app_examplebrowser.dir\release\btworldimporter.obj
c:\oculus\annwvynsdk64-2015\bullet3\build3\examples\examplebrowser\app_examplebrowser.dir\release\serializesetup.obj
c:\oculus\annwvynsdk64-2015\bullet3\build3\examples\examplebrowser\app_examplebrowser.dir\release\raytestdemo.obj
c:\oculus\annwvynsdk64-2015\bullet3\build3\examples\examplebrowser\app_examplebrowser.dir\release\benchmarkdemo.obj
c:\oculus\annwvynsdk64-2015\bullet3\build3\examples\examplebrowser\app_examplebrowser.dir\release\timeseriesexample.obj
c:\oculus\annwvynsdk64-2015\bullet3\build3\examples\examplebrowser\app_examplebrowser.dir\release\renderinstancingdemo.obj
c:\oculus\annwvynsdk64-2015\bullet3\build3\examples\examplebrowser\app_examplebrowser.dir\release\tiny_obj_loader.obj
c:\oculus\annwvynsdk64-2015\bullet3\build3\examples\examplebrowser\app_examplebrowser.dir\release\stb_image.obj
c:\oculus\annwvynsdk64-2015\bullet3\build3\examples\examplebrowser\app_examplebrowser.dir\release\constraintphysicssetup.obj
c:\oculus\annwvynsdk64-2015\bullet3\build3\examples\examplebrowser\app_examplebrowser.dir\release\dof6spring2setup.obj
c:\oculus\annwvynsdk64-2015\bullet3\build3\examples\examplebrowser\app_examplebrowser.dir\release\constraintdemo.obj
c:\oculus\annwvynsdk64-2015\bullet3\build3\examples\examplebrowser\app_examplebrowser.dir\release\testhingetorque.obj
c:\oculus\annwvynsdk64-2015\bullet3\build3\examples\examplebrowser\app_examplebrowser.dir\release\multidofdemo.obj
c:\oculus\annwvynsdk64-2015\bullet3\build3\examples\examplebrowser\app_examplebrowser.dir\release\multibodyconstraintfeedback.obj
c:\oculus\annwvynsdk64-2015\bullet3\build3\examples\examplebrowser\app_examplebrowser.dir\release\invertedpendulumpdcontrol.obj
c:\oculus\annwvynsdk64-2015\bullet3\build3\examples\examplebrowser\app_examplebrowser.dir\release\testjointtorquesetup.obj
c:\oculus\annwvynsdk64-2015\bullet3\build3\examples\examplebrowser\app_examplebrowser.dir\release\pendulum.obj
c:\oculus\annwvynsdk64-2015\bullet3\build3\examples\examplebrowser\app_examplebrowser.dir\release\hinge2vehicle.obj
c:\oculus\annwvynsdk64-2015\bullet3\build3\examples\examplebrowser\app_examplebrowser.dir\release\btconvexconvexmpralgorithm.obj
c:\oculus\annwvynsdk64-2015\bullet3\build3\examples\examplebrowser\app_examplebrowser.dir\release\voronoifracturedemo.obj
c:\oculus\annwvynsdk64-2015\bullet3\build3\examples\examplebrowser\app_examplebrowser.dir\release\bulleturdfimporter.obj
c:\oculus\annwvynsdk64-2015\bullet3\build3\examples\examplebrowser\app_examplebrowser.dir\release\urdfstringsplit.obj
c:\oculus\annwvynsdk64-2015\bullet3\build3\examples\examplebrowser\app_examplebrowser.dir\release\urdfparser.obj
c:\oculus\annwvynsdk64-2015\bullet3\build3\examples\examplebrowser\app_examplebrowser.dir\release\mymultibodycreator.obj
c:\oculus\annwvynsdk64-2015\bullet3\build3\examples\examplebrowser\app_examplebrowser.dir\release\urdf2bullet.obj
c:\oculus\annwvynsdk64-2015\bullet3\build3\examples\examplebrowser\app_examplebrowser.dir\release\importurdfsetup.obj
c:\oculus\annwvynsdk64-2015\bullet3\build3\examples\examplebrowser\app_examplebrowser.dir\release\gwenuserinterface.obj
c:\oculus\annwvynsdk64-2015\bullet3\build3\examples\examplebrowser\app_examplebrowser.dir\release\gwentexturewindow.obj
c:\oculus\annwvynsdk64-2015\bullet3\build3\examples\examplebrowser\app_examplebrowser.dir\release\gwenprofilewindow.obj
c:\oculus\annwvynsdk64-2015\bullet3\build3\examples\examplebrowser\app_examplebrowser.dir\release\gwenparameterinterface.obj
c:\oculus\annwvynsdk64-2015\bullet3\build3\examples\examplebrowser\app_examplebrowser.dir\release\graphingtexture.obj
c:\oculus\annwvynsdk64-2015\bullet3\build3\examples\examplebrowser\app_examplebrowser.dir\release\openglguihelper.obj
c:\oculus\annwvynsdk64-2015\bullet3\build3\examples\examplebrowser\app_examplebrowser.dir\release\openglexamplebrowser.obj
c:\oculus\annwvynsdk64-2015\bullet3\build3\examples\examplebrowser\app_examplebrowser.dir\release\gl_shapedrawer.obj
c:\oculus\annwvynsdk64-2015\bullet3\build3\examples\examplebrowser\app_examplebrowser.dir\release\b3resourcepath.obj
c:\oculus\annwvynsdk64-2015\bullet3\build3\examples\examplebrowser\app_examplebrowser.dir\release\b3clock.obj
c:\oculus\annwvynsdk64-2015\bullet3\build3\examples\examplebrowser\app_examplebrowser.dir\release\string_split.obj
c:\oculus\annwvynsdk64-2015\bullet3\build3\examples\examplebrowser\app_examplebrowser.dir\release\printf_console.obj
c:\oculus\annwvynsdk64-2015\bullet3\build3\examples\examplebrowser\app_examplebrowser.dir\release\joint.obj
c:\oculus\annwvynsdk64-2015\bullet3\build3\examples\examplebrowser\app_examplebrowser.dir\release\link.obj
c:\oculus\annwvynsdk64-2015\bullet3\build3\examples\examplebrowser\app_examplebrowser.dir\release\model.obj
c:\oculus\annwvynsdk64-2015\bullet3\build3\examples\examplebrowser\app_examplebrowser.dir\release\pose.obj
c:\oculus\annwvynsdk64-2015\bullet3\build3\examples\examplebrowser\app_examplebrowser.dir\release\tinyxmlparser.obj
c:\oculus\annwvynsdk64-2015\bullet3\build3\examples\examplebrowser\app_examplebrowser.dir\release\tinyxmlerror.obj
c:\oculus\annwvynsdk64-2015\bullet3\build3\examples\examplebrowser\app_examplebrowser.dir\release\tinyxml.obj
c:\oculus\annwvynsdk64-2015\bullet3\build3\examples\examplebrowser\app_examplebrowser.dir\release\tinystr.obj
c:\oculus\annwvynsdk64-2015\bullet3\build3\examples\examplebrowser\cmakefiles\generate.stamp
c:\oculus\annwvynsdk64-2015\bullet3\build3\examples\examplebrowser\app_examplebrowser.dir\release\bullet.res
c:\oculus\annwvynsdk64-2015\bullet3\build3\examples\examplebrowser\app_examplebrowser.dir\release\app_exam.d1807b4c.tlog\cl.command.1.tlog
c:\oculus\annwvynsdk64-2015\bullet3\build3\examples\examplebrowser\app_examplebrowser.dir\release\app_exam.d1807b4c.tlog\cl.read.1.tlog
c:\oculus\annwvynsdk64-2015\bullet3\build3\examples\examplebrowser\app_examplebrowser.dir\release\app_exam.d1807b4c.tlog\cl.write.1.tlog
c:\oculus\annwvynsdk64-2015\bullet3\build3\examples\examplebrowser\app_examplebrowser.dir\release\app_exam.d1807b4c.tlog\custombuild.command.1.tlog
c:\oculus\annwvynsdk64-2015\bullet3\build3\examples\examplebrowser\app_examplebrowser.dir\release\app_exam.d1807b4c.tlog\custombuild.read.1.tlog
c:\oculus\annwvynsdk64-2015\bullet3\build3\examples\examplebrowser\app_examplebrowser.dir\release\app_exam.d1807b4c.tlog\custombuild.write.1.tlog
c:\oculus\annwvynsdk64-2015\bullet3\build3\examples\examplebrowser\app_examplebrowser.dir\release\app_exam.d1807b4c.tlog\link-cvtres.read.1.tlog
c:\oculus\annwvynsdk64-2015\bullet3\build3\examples\examplebrowser\app_examplebrowser.dir\release\app_exam.d1807b4c.tlog\link-cvtres.write.1.tlog
c:\oculus\annwvynsdk64-2015\bullet3\build3\examples\examplebrowser\app_examplebrowser.dir\release\app_exam.d1807b4c.tlog\link-rc.read.1.tlog
c:\oculus\annwvynsdk64-2015\bullet3\build3\examples\examplebrowser\app_examplebrowser.dir\release\app_exam.d1807b4c.tlog\link-rc.write.1.tlog
c:\oculus\annwvynsdk64-2015\bullet3\build3\examples\examplebrowser\app_examplebrowser.dir\release\app_exam.d1807b4c.tlog\link.command.1.tlog
c:\oculus\annwvynsdk64-2015\bullet3\build3\examples\examplebrowser\app_examplebrowser.dir\release\app_exam.d1807b4c.tlog\link.read.1.tlog
c:\oculus\annwvynsdk64-2015\bullet3\build3\examples\examplebrowser\app_examplebrowser.dir\release\app_exam.d1807b4c.tlog\link.write.1.tlog
c:\oculus\annwvynsdk64-2015\bullet3\build3\examples\examplebrowser\app_examplebrowser.dir\release\app_exam.d1807b4c.tlog\rc.command.1.tlog
c:\oculus\annwvynsdk64-2015\bullet3\build3\examples\examplebrowser\app_examplebrowser.dir\release\app_exam.d1807b4c.tlog\rc.read.1.tlog
c:\oculus\annwvynsdk64-2015\bullet3\build3\examples\examplebrowser\app_examplebrowser.dir\release\app_exam.d1807b4c.tlog\rc.write.1.tlog
